03:33:50 **** Incremental Build of configuration Debug for project door_lock_project_MC2 ****
make all 
Building file: ../door_lock_project_MC2.c
Invoking: AVR Compiler
avr-gcc -Wall -g2 -gstabs -O0 -fpack-struct -fshort-enums -ffunction-sections -fdata-sections -std=gnu99 -funsigned-char -funsigned-bitfields -mmcu=atmega16 -DF_CPU=1000000UL -MMD -MP -MF"door_lock_project_MC2.d" -MT"door_lock_project_MC2.o" -c -o "door_lock_project_MC2.o" "../door_lock_project_MC2.c"
In file included from ../door_lock_project_MC2.c:14:
c:/winavr-20100110/lib/gcc/../../avr/include/util/delay.h:90:3: warning: #warning "Compiler optimizations disabled; functions from <util/delay.h> won't work as designed"
Finished building: ../door_lock_project_MC2.c
 
Building target: door_lock_project_MC2.elf
Invoking: AVR C Linker
avr-gcc -Wl,-Map,door_lock_project_MC2.map -mmcu=atmega16 -o "door_lock_project_MC2.elf"  ./DC_motor.o ./PWM_TIMER0.o ./buzzer.o ./door_lock_project_MC2.o ./external_eeprom.o ./gpio.o ./timers.o ./twi.o ./uart.o   
Finished building target: door_lock_project_MC2.elf
 
Invoking: AVR Create Extended Listing
avr-objdump -h -S door_lock_project_MC2.elf  >"door_lock_project_MC2.lss"
Finished building: door_lock_project_MC2.lss
 
Invoking: Print Size
avr-size --format=avr --mcu=atmega16 door_lock_project_MC2.elf
AVR Memory Usage
----------------
Device: atmega16

Program:    9646 bytes (58.9% Full)
(.text + .data + .bootloader)

Data:        307 bytes (30.0% Full)
(.data + .bss + .noinit)


Finished building: sizedummy
 

03:33:50 Build Finished. 0 errors, 1 warnings. (took 537ms)

